<?xml version="1.0" encoding="UTF-8"?>
<!-- Generated by org.testng.reporters.JUnitReportReporter -->
<testsuite hostname="DESKTOP-TN4B1QL" failures="0" tests="1" name="Test.ProductTest" time="3.244" errors="0" timestamp="2023-04-21T14:43:53 IST" skipped="0">
  <testcase classname="Test.ProductTest" name="verifyGetReq" time="3.244"/>
  <system-out/>
</testsuite> <!-- Test.ProductTest -->
